Analysis & Synthesis report for distance_sensor
Sun Jan 19 11:22:34 2025
Quartus Prime Version 20.1.1 Build 720 11/11/2020 SJ Lite Edition


---------------------
; Table of Contents ;
---------------------
  1. Legal Notice
  2. Analysis & Synthesis Summary
  3. Analysis & Synthesis Settings
  4. Parallel Compilation
  5. Analysis & Synthesis Source Files Read
  6. Analysis & Synthesis Resource Usage Summary
  7. Analysis & Synthesis Resource Utilization by Entity
  8. State Machine - |distance_sensor|dec_to_bcd:dec_to_bcd_inst|state
  9. State Machine - |distance_sensor|hcsr04:hcsr04_inst|state
 10. Registers Removed During Synthesis
 11. General Register Statistics
 12. Inverted Register Statistics
 13. Multiplexer Restructuring Statistics (Restructuring Performed)
 14. Parameter Settings for User Entity Instance: dec_to_bcd:dec_to_bcd_inst
 15. Post-Synthesis Netlist Statistics for Top Partition
 16. Elapsed Time Per Partition
 17. Analysis & Synthesis Messages



----------------
; Legal Notice ;
----------------
Copyright (C) 2020  Intel Corporation. All rights reserved.
Your use of Intel Corporation's design tools, logic functions 
and other software and tools, and any partner logic 
functions, and any output files from any of the foregoing 
(including device programming or simulation files), and any 
associated documentation or information are expressly subject 
to the terms and conditions of the Intel Program License 
Subscription Agreement, the Intel Quartus Prime License Agreement,
the Intel FPGA IP License Agreement, or other applicable license
agreement, including, without limitation, that your use is for
the sole purpose of programming logic devices manufactured by
Intel and sold by Intel or its authorized distributors.  Please
refer to the applicable agreement for further details, at
https://fpgasoftware.intel.com/eula.



+----------------------------------------------------------------------------------+
; Analysis & Synthesis Summary                                                     ;
+------------------------------------+---------------------------------------------+
; Analysis & Synthesis Status        ; Successful - Sun Jan 19 11:22:34 2025       ;
; Quartus Prime Version              ; 20.1.1 Build 720 11/11/2020 SJ Lite Edition ;
; Revision Name                      ; distance_sensor                             ;
; Top-level Entity Name              ; distance_sensor                             ;
; Family                             ; Cyclone IV E                                ;
; Total logic elements               ; 425                                         ;
;     Total combinational functions  ; 407                                         ;
;     Dedicated logic registers      ; 150                                         ;
; Total registers                    ; 150                                         ;
; Total pins                         ; 16                                          ;
; Total virtual pins                 ; 0                                           ;
; Total memory bits                  ; 0                                           ;
; Embedded Multiplier 9-bit elements ; 0                                           ;
; Total PLLs                         ; 0                                           ;
+------------------------------------+---------------------------------------------+


+------------------------------------------------------------------------------------------------------------+
; Analysis & Synthesis Settings                                                                              ;
+------------------------------------------------------------------+--------------------+--------------------+
; Option                                                           ; Setting            ; Default Value      ;
+------------------------------------------------------------------+--------------------+--------------------+
; Device                                                           ; EP4CE6E22C8        ;                    ;
; Top-level entity name                                            ; distance_sensor    ; distance_sensor    ;
; Family name                                                      ; Cyclone IV E       ; Cyclone V          ;
; Type of Retiming Performed During Resynthesis                    ; Full               ;                    ;
; Resynthesis Optimization Effort                                  ; Normal             ;                    ;
; Physical Synthesis Level for Resynthesis                         ; Normal             ;                    ;
; Use Generated Physical Constraints File                          ; On                 ;                    ;
; Use smart compilation                                            ; Off                ; Off                ;
; Enable parallel Assembler and Timing Analyzer during compilation ; On                 ; On                 ;
; Enable compact report table                                      ; Off                ; Off                ;
; Restructure Multiplexers                                         ; Auto               ; Auto               ;
; Create Debugging Nodes for IP Cores                              ; Off                ; Off                ;
; Preserve fewer node names                                        ; On                 ; On                 ;
; Intel FPGA IP Evaluation Mode                                    ; Enable             ; Enable             ;
; Verilog Version                                                  ; Verilog_2001       ; Verilog_2001       ;
; VHDL Version                                                     ; VHDL_1993          ; VHDL_1993          ;
; State Machine Processing                                         ; Auto               ; Auto               ;
; Safe State Machine                                               ; Off                ; Off                ;
; Extract Verilog State Machines                                   ; On                 ; On                 ;
; Extract VHDL State Machines                                      ; On                 ; On                 ;
; Ignore Verilog initial constructs                                ; Off                ; Off                ;
; Iteration limit for constant Verilog loops                       ; 5000               ; 5000               ;
; Iteration limit for non-constant Verilog loops                   ; 250                ; 250                ;
; Add Pass-Through Logic to Inferred RAMs                          ; On                 ; On                 ;
; Infer RAMs from Raw Logic                                        ; On                 ; On                 ;
; Parallel Synthesis                                               ; On                 ; On                 ;
; DSP Block Balancing                                              ; Auto               ; Auto               ;
; NOT Gate Push-Back                                               ; On                 ; On                 ;
; Power-Up Don't Care                                              ; On                 ; On                 ;
; Remove Redundant Logic Cells                                     ; Off                ; Off                ;
; Remove Duplicate Registers                                       ; On                 ; On                 ;
; Ignore CARRY Buffers                                             ; Off                ; Off                ;
; Ignore CASCADE Buffers                                           ; Off                ; Off                ;
; Ignore GLOBAL Buffers                                            ; Off                ; Off                ;
; Ignore ROW GLOBAL Buffers                                        ; Off                ; Off                ;
; Ignore LCELL Buffers                                             ; Off                ; Off                ;
; Ignore SOFT Buffers                                              ; On                 ; On                 ;
; Limit AHDL Integers to 32 Bits                                   ; Off                ; Off                ;
; Optimization Technique                                           ; Balanced           ; Balanced           ;
; Carry Chain Length                                               ; 70                 ; 70                 ;
; Auto Carry Chains                                                ; On                 ; On                 ;
; Auto Open-Drain Pins                                             ; On                 ; On                 ;
; Perform WYSIWYG Primitive Resynthesis                            ; Off                ; Off                ;
; Auto ROM Replacement                                             ; On                 ; On                 ;
; Auto RAM Replacement                                             ; On                 ; On                 ;
; Auto DSP Block Replacement                                       ; On                 ; On                 ;
; Auto Shift Register Replacement                                  ; Auto               ; Auto               ;
; Allow Shift Register Merging across Hierarchies                  ; Auto               ; Auto               ;
; Auto Clock Enable Replacement                                    ; On                 ; On                 ;
; Strict RAM Replacement                                           ; Off                ; Off                ;
; Allow Synchronous Control Signals                                ; On                 ; On                 ;
; Force Use of Synchronous Clear Signals                           ; Off                ; Off                ;
; Auto RAM Block Balancing                                         ; On                 ; On                 ;
; Auto RAM to Logic Cell Conversion                                ; Off                ; Off                ;
; Auto Resource Sharing                                            ; Off                ; Off                ;
; Allow Any RAM Size For Recognition                               ; Off                ; Off                ;
; Allow Any ROM Size For Recognition                               ; Off                ; Off                ;
; Allow Any Shift Register Size For Recognition                    ; Off                ; Off                ;
; Use LogicLock Constraints during Resource Balancing              ; On                 ; On                 ;
; Ignore translate_off and synthesis_off directives                ; Off                ; Off                ;
; Timing-Driven Synthesis                                          ; On                 ; On                 ;
; Report Parameter Settings                                        ; On                 ; On                 ;
; Report Source Assignments                                        ; On                 ; On                 ;
; Report Connectivity Checks                                       ; On                 ; On                 ;
; Ignore Maximum Fan-Out Assignments                               ; Off                ; Off                ;
; Synchronization Register Chain Length                            ; 2                  ; 2                  ;
; Power Optimization During Synthesis                              ; Normal compilation ; Normal compilation ;
; HDL message level                                                ; Level2             ; Level2             ;
; Suppress Register Optimization Related Messages                  ; Off                ; Off                ;
; Number of Removed Registers Reported in Synthesis Report         ; 5000               ; 5000               ;
; Number of Swept Nodes Reported in Synthesis Report               ; 5000               ; 5000               ;
; Number of Inverted Registers Reported in Synthesis Report        ; 100                ; 100                ;
; Clock MUX Protection                                             ; On                 ; On                 ;
; Auto Gated Clock Conversion                                      ; Off                ; Off                ;
; Block Design Naming                                              ; Auto               ; Auto               ;
; SDC constraint protection                                        ; Off                ; Off                ;
; Synthesis Effort                                                 ; Auto               ; Auto               ;
; Shift Register Replacement - Allow Asynchronous Clear Signal     ; On                 ; On                 ;
; Pre-Mapping Resynthesis Optimization                             ; Off                ; Off                ;
; Analysis & Synthesis Message Level                               ; Medium             ; Medium             ;
; Disable Register Merging Across Hierarchies                      ; Auto               ; Auto               ;
; Resource Aware Inference For Block RAM                           ; On                 ; On                 ;
+------------------------------------------------------------------+--------------------+--------------------+


+------------------------------------------+
; Parallel Compilation                     ;
+----------------------------+-------------+
; Processors                 ; Number      ;
+----------------------------+-------------+
; Number detected on machine ; 4           ;
; Maximum allowed            ; 2           ;
;                            ;             ;
; Average used               ; 1.00        ;
; Maximum used               ; 2           ;
;                            ;             ;
; Usage by Processor         ; % Time Used ;
;     Processor 1            ; 100.0%      ;
;     Processor 2            ;   0.0%      ;
+----------------------------+-------------+


+-------------------------------------------------------------------------------------------------------------------------------------------------------------------------------------+
; Analysis & Synthesis Source Files Read                                                                                                                                              ;
+----------------------------------+-----------------+-----------------+----------------------------------------------------------------------------------------------------+---------+
; File Name with User-Entered Path ; Used in Netlist ; File Type       ; File Name with Absolute Path                                                                       ; Library ;
+----------------------------------+-----------------+-----------------+----------------------------------------------------------------------------------------------------+---------+
; src/distance_sensor.vhd          ; yes             ; User VHDL File  ; L:/VHDL/Intel_FPGA_Projects/EP4CE6_Projects/P04_7_Segment_HCSR04/Version_1/src/distance_sensor.vhd ;         ;
; src/lib/seg_rom.vhd              ; yes             ; User VHDL File  ; L:/VHDL/Intel_FPGA_Projects/EP4CE6_Projects/P04_7_Segment_HCSR04/Version_1/src/lib/seg_rom.vhd     ;         ;
; src/lib/dec_to_bcd.vhd           ; yes             ; User VHDL File  ; L:/VHDL/Intel_FPGA_Projects/EP4CE6_Projects/P04_7_Segment_HCSR04/Version_1/src/lib/dec_to_bcd.vhd  ;         ;
; src/lib/seg_display.vhd          ; yes             ; User VHDL File  ; L:/VHDL/Intel_FPGA_Projects/EP4CE6_Projects/P04_7_Segment_HCSR04/Version_1/src/lib/seg_display.vhd ;         ;
; src/lib/hcsr04.vhd               ; yes             ; User VHDL File  ; L:/VHDL/Intel_FPGA_Projects/EP4CE6_Projects/P04_7_Segment_HCSR04/Version_1/src/lib/hcsr04.vhd      ;         ;
+----------------------------------+-----------------+-----------------+----------------------------------------------------------------------------------------------------+---------+


+---------------------------------------------------------+
; Analysis & Synthesis Resource Usage Summary             ;
+---------------------------------------------+-----------+
; Resource                                    ; Usage     ;
+---------------------------------------------+-----------+
; Estimated Total logic elements              ; 425       ;
;                                             ;           ;
; Total combinational functions               ; 407       ;
; Logic element usage by number of LUT inputs ;           ;
;     -- 4 input functions                    ; 132       ;
;     -- 3 input functions                    ; 87        ;
;     -- <=2 input functions                  ; 188       ;
;                                             ;           ;
; Logic elements by mode                      ;           ;
;     -- normal mode                          ; 206       ;
;     -- arithmetic mode                      ; 201       ;
;                                             ;           ;
; Total registers                             ; 150       ;
;     -- Dedicated logic registers            ; 150       ;
;     -- I/O registers                        ; 0         ;
;                                             ;           ;
; I/O pins                                    ; 16        ;
;                                             ;           ;
; Embedded Multiplier 9-bit elements          ; 0         ;
;                                             ;           ;
; Maximum fan-out node                        ; clk~input ;
; Maximum fan-out                             ; 150       ;
; Total fan-out                               ; 1795      ;
; Average fan-out                             ; 3.05      ;
+---------------------------------------------+-----------+


+-----------------------------------------------------------------------------------------------------------------------------------------------------------------------------------------------------------------------------------------------------+
; Analysis & Synthesis Resource Utilization by Entity                                                                                                                                                                                                 ;
+---------------------------------+---------------------+---------------------------+-------------+--------------+---------+-----------+------+--------------+-------------------------------------------------------+-----------------+--------------+
; Compilation Hierarchy Node      ; Combinational ALUTs ; Dedicated Logic Registers ; Memory Bits ; DSP Elements ; DSP 9x9 ; DSP 18x18 ; Pins ; Virtual Pins ; Full Hierarchy Name                                   ; Entity Name     ; Library Name ;
+---------------------------------+---------------------+---------------------------+-------------+--------------+---------+-----------+------+--------------+-------------------------------------------------------+-----------------+--------------+
; |distance_sensor                ; 407 (102)           ; 150 (24)                  ; 0           ; 0            ; 0       ; 0         ; 16   ; 0            ; |distance_sensor                                      ; distance_sensor ; work         ;
;    |dec_to_bcd:dec_to_bcd_inst| ; 179 (179)           ; 57 (57)                   ; 0           ; 0            ; 0       ; 0         ; 0    ; 0            ; |distance_sensor|dec_to_bcd:dec_to_bcd_inst           ; dec_to_bcd      ; work         ;
;    |hcsr04:hcsr04_inst|         ; 80 (80)             ; 47 (47)                   ; 0           ; 0            ; 0       ; 0         ; 0    ; 0            ; |distance_sensor|hcsr04:hcsr04_inst                   ; hcsr04          ; work         ;
;    |seg_display:display_inst|   ; 46 (39)             ; 22 (22)                   ; 0           ; 0            ; 0       ; 0         ; 0    ; 0            ; |distance_sensor|seg_display:display_inst             ; seg_display     ; work         ;
;       |seg_rom:rom|             ; 7 (7)               ; 0 (0)                     ; 0           ; 0            ; 0       ; 0         ; 0    ; 0            ; |distance_sensor|seg_display:display_inst|seg_rom:rom ; seg_rom         ; work         ;
+---------------------------------+---------------------+---------------------------+-------------+--------------+---------+-----------+------+--------------+-------------------------------------------------------+-----------------+--------------+
Note: For table entries with two numbers listed, the numbers in parentheses indicate the number of resources of the given type used by the specific entity alone. The numbers listed outside of parentheses indicate the total resources of the given type used by the specific entity and all of its sub-entities in the hierarchy.


Encoding Type:  One-Hot
+-------------------------------------------------------------------+
; State Machine - |distance_sensor|dec_to_bcd:dec_to_bcd_inst|state ;
+---------------+---------------+---------------+-------------------+
; Name          ; state.ST_DONE ; state.ST_CALC ; state.ST_IDLE     ;
+---------------+---------------+---------------+-------------------+
; state.ST_IDLE ; 0             ; 0             ; 0                 ;
; state.ST_CALC ; 0             ; 1             ; 1                 ;
; state.ST_DONE ; 1             ; 0             ; 1                 ;
+---------------+---------------+---------------+-------------------+


Encoding Type:  One-Hot
+-------------------------------------------------------------------------------------------------------+
; State Machine - |distance_sensor|hcsr04:hcsr04_inst|state                                             ;
+------------------+---------------+------------------+-----------------+---------------+---------------+
; Name             ; state.ST_DONE ; state.ST_MEASURE ; state.ST_SAMPLE ; state.ST_TRIG ; state.ST_IDLE ;
+------------------+---------------+------------------+-----------------+---------------+---------------+
; state.ST_IDLE    ; 0             ; 0                ; 0               ; 0             ; 0             ;
; state.ST_TRIG    ; 0             ; 0                ; 0               ; 1             ; 1             ;
; state.ST_SAMPLE  ; 0             ; 0                ; 1               ; 0             ; 1             ;
; state.ST_MEASURE ; 0             ; 1                ; 0               ; 0             ; 1             ;
; state.ST_DONE    ; 1             ; 0                ; 0               ; 0             ; 1             ;
+------------------+---------------+------------------+-----------------+---------------+---------------+


+-----------------------------------------------------------------------------------------+
; Registers Removed During Synthesis                                                      ;
+-----------------------------------------+-----------------------------------------------+
; Register name                           ; Reason for Removal                            ;
+-----------------------------------------+-----------------------------------------------+
; dec_to_bcd:dec_to_bcd_inst|num_reg[0,1] ; Stuck at GND due to stuck port data_in        ;
; dec_to_bcd:dec_to_bcd_inst|num_reg[2]   ; Lost fanout                                   ;
; seg_display:display_inst|digit_index[2] ; Stuck at GND due to stuck port data_in        ;
; clks[0]                                 ; Merged with seg_display:display_inst|count[0] ;
; clks[1]                                 ; Merged with seg_display:display_inst|count[1] ;
; Total Number of Removed Registers = 6   ;                                               ;
+-----------------------------------------+-----------------------------------------------+


+------------------------------------------------------+
; General Register Statistics                          ;
+----------------------------------------------+-------+
; Statistic                                    ; Value ;
+----------------------------------------------+-------+
; Total registers                              ; 150   ;
; Number of registers using Synchronous Clear  ; 18    ;
; Number of registers using Synchronous Load   ; 37    ;
; Number of registers using Asynchronous Clear ; 150   ;
; Number of registers using Asynchronous Load  ; 0     ;
; Number of registers using Clock Enable       ; 74    ;
; Number of registers using Preset             ; 0     ;
+----------------------------------------------+-------+


+--------------------------------------------------+
; Inverted Register Statistics                     ;
+----------------------------------------+---------+
; Inverted Register                      ; Fan out ;
+----------------------------------------+---------+
; seg_display:display_inst|shift_reg[1]  ; 2       ;
; seg_display:display_inst|shift_reg[2]  ; 2       ;
; seg_display:display_inst|shift_reg[3]  ; 2       ;
; en                                     ; 5       ;
; Total number of inverted registers = 4 ;         ;
+----------------------------------------+---------+


+---------------------------------------------------------------------------------------------------------------------------------------------------------------------------+
; Multiplexer Restructuring Statistics (Restructuring Performed)                                                                                                            ;
+--------------------+-----------+---------------+----------------------+------------------------+------------+-------------------------------------------------------------+
; Multiplexer Inputs ; Bus Width ; Baseline Area ; Area if Restructured ; Saving if Restructured ; Registered ; Example Multiplexer Output                                  ;
+--------------------+-----------+---------------+----------------------+------------------------+------------+-------------------------------------------------------------+
; 3:1                ; 16 bits   ; 32 LEs        ; 16 LEs               ; 16 LEs                 ; Yes        ; |distance_sensor|hcsr04:hcsr04_inst|micro_clks[1]           ;
; 3:1                ; 6 bits    ; 12 LEs        ; 6 LEs                ; 6 LEs                  ; Yes        ; |distance_sensor|hcsr04:hcsr04_inst|clks[3]                 ;
; 3:1                ; 16 bits   ; 32 LEs        ; 16 LEs               ; 16 LEs                 ; Yes        ; |distance_sensor|hcsr04:hcsr04_inst|pos_reg[15]             ;
; 5:1                ; 4 bits    ; 12 LEs        ; 4 LEs                ; 8 LEs                  ; Yes        ; |distance_sensor|dec_to_bcd:dec_to_bcd_inst|tenths_reg[0]   ;
; 5:1                ; 4 bits    ; 12 LEs        ; 4 LEs                ; 8 LEs                  ; Yes        ; |distance_sensor|dec_to_bcd:dec_to_bcd_inst|unit_reg[3]     ;
; 5:1                ; 4 bits    ; 12 LEs        ; 4 LEs                ; 8 LEs                  ; Yes        ; |distance_sensor|dec_to_bcd:dec_to_bcd_inst|tens_reg[2]     ;
; 5:1                ; 4 bits    ; 12 LEs        ; 4 LEs                ; 8 LEs                  ; Yes        ; |distance_sensor|dec_to_bcd:dec_to_bcd_inst|hundreds_reg[2] ;
; 7:1                ; 18 bits   ; 72 LEs        ; 54 LEs               ; 18 LEs                 ; Yes        ; |distance_sensor|dec_to_bcd:dec_to_bcd_inst|num_reg[7]      ;
; 4:1                ; 4 bits    ; 8 LEs         ; 8 LEs                ; 0 LEs                  ; No         ; |distance_sensor|seg_display:display_inst|Mux4              ;
; 6:1                ; 3 bits    ; 12 LEs        ; 6 LEs                ; 6 LEs                  ; No         ; |distance_sensor|dec_to_bcd:dec_to_bcd_inst|Selector0       ;
; 8:1                ; 3 bits    ; 15 LEs        ; 12 LEs               ; 3 LEs                  ; No         ; |distance_sensor|hcsr04:hcsr04_inst|Selector0               ;
; 10:1               ; 2 bits    ; 12 LEs        ; 8 LEs                ; 4 LEs                  ; No         ; |distance_sensor|hcsr04:hcsr04_inst|Selector2               ;
+--------------------+-----------+---------------+----------------------+------------------------+------------+-------------------------------------------------------------+


+-------------------------------------------------------------------------+
; Parameter Settings for User Entity Instance: dec_to_bcd:dec_to_bcd_inst ;
+----------------+-------+------------------------------------------------+
; Parameter Name ; Value ; Type                                           ;
+----------------+-------+------------------------------------------------+
; data_width     ; 24    ; Signed Integer                                 ;
+----------------+-------+------------------------------------------------+
Note: In order to hide this table in the UI and the text report file, please set the "Show Parameter Settings in Synthesis Report" option in "Analysis and Synthesis Settings -> More Settings" to "Off".


+-----------------------------------------------------+
; Post-Synthesis Netlist Statistics for Top Partition ;
+-----------------------+-----------------------------+
; Type                  ; Count                       ;
+-----------------------+-----------------------------+
; boundary_port         ; 16                          ;
; cycloneiii_ff         ; 150                         ;
;     CLR               ; 70                          ;
;     CLR SCLR          ; 6                           ;
;     ENA CLR           ; 25                          ;
;     ENA CLR SCLR      ; 12                          ;
;     ENA CLR SLD       ; 37                          ;
; cycloneiii_lcell_comb ; 412                         ;
;     arith             ; 201                         ;
;         2 data inputs ; 142                         ;
;         3 data inputs ; 59                          ;
;     normal            ; 211                         ;
;         0 data inputs ; 1                           ;
;         1 data inputs ; 18                          ;
;         2 data inputs ; 32                          ;
;         3 data inputs ; 28                          ;
;         4 data inputs ; 132                         ;
;                       ;                             ;
; Max LUT depth         ; 7.00                        ;
; Average LUT depth     ; 3.92                        ;
+-----------------------+-----------------------------+


+-------------------------------+
; Elapsed Time Per Partition    ;
+----------------+--------------+
; Partition Name ; Elapsed Time ;
+----------------+--------------+
; Top            ; 00:00:01     ;
+----------------+--------------+


+-------------------------------+
; Analysis & Synthesis Messages ;
+-------------------------------+
Info: *******************************************************************
Info: Running Quartus Prime Analysis & Synthesis
    Info: Version 20.1.1 Build 720 11/11/2020 SJ Lite Edition
    Info: Processing started: Sun Jan 19 11:22:20 2025
Info: Command: quartus_map --read_settings_files=on --write_settings_files=off distance_sensor -c distance_sensor
Warning (18236): Number of processors has not been specified which may cause overloading on shared machines.  Set the global assignment NUM_PARALLEL_PROCESSORS in your QSF to an appropriate value for best performance.
Info (20030): Parallel compilation is enabled and will use 2 of the 2 processors detected
Info (12021): Found 2 design units, including 1 entities, in source file src/distance_sensor.vhd
    Info (12022): Found design unit 1: distance_sensor-distance_sensor_rtl File: L:/VHDL/Intel_FPGA_Projects/EP4CE6_Projects/P04_7_Segment_HCSR04/Version_1/src/distance_sensor.vhd Line: 35
    Info (12023): Found entity 1: distance_sensor File: L:/VHDL/Intel_FPGA_Projects/EP4CE6_Projects/P04_7_Segment_HCSR04/Version_1/src/distance_sensor.vhd Line: 25
Info (12021): Found 2 design units, including 1 entities, in source file src/lib/seg_rom.vhd
    Info (12022): Found design unit 1: seg_rom-seg_rom_rtl File: L:/VHDL/Intel_FPGA_Projects/EP4CE6_Projects/P04_7_Segment_HCSR04/Version_1/src/lib/seg_rom.vhd Line: 12
    Info (12023): Found entity 1: seg_rom File: L:/VHDL/Intel_FPGA_Projects/EP4CE6_Projects/P04_7_Segment_HCSR04/Version_1/src/lib/seg_rom.vhd Line: 7
Info (12021): Found 2 design units, including 1 entities, in source file src/lib/dec_to_bcd.vhd
    Info (12022): Found design unit 1: dec_to_bcd-dec_to_bcd_rtl File: L:/VHDL/Intel_FPGA_Projects/EP4CE6_Projects/P04_7_Segment_HCSR04/Version_1/src/lib/dec_to_bcd.vhd Line: 20
    Info (12023): Found entity 1: dec_to_bcd File: L:/VHDL/Intel_FPGA_Projects/EP4CE6_Projects/P04_7_Segment_HCSR04/Version_1/src/lib/dec_to_bcd.vhd Line: 9
Info (12021): Found 2 design units, including 1 entities, in source file src/lib/seg_display.vhd
    Info (12022): Found design unit 1: seg_display-seg_display_rtl File: L:/VHDL/Intel_FPGA_Projects/EP4CE6_Projects/P04_7_Segment_HCSR04/Version_1/src/lib/seg_display.vhd Line: 30
    Info (12023): Found entity 1: seg_display File: L:/VHDL/Intel_FPGA_Projects/EP4CE6_Projects/P04_7_Segment_HCSR04/Version_1/src/lib/seg_display.vhd Line: 21
Info (12021): Found 2 design units, including 1 entities, in source file src/lib/hcsr04.vhd
    Info (12022): Found design unit 1: hcsr04-hcsr04_rtl File: L:/VHDL/Intel_FPGA_Projects/EP4CE6_Projects/P04_7_Segment_HCSR04/Version_1/src/lib/hcsr04.vhd Line: 17
    Info (12023): Found entity 1: hcsr04 File: L:/VHDL/Intel_FPGA_Projects/EP4CE6_Projects/P04_7_Segment_HCSR04/Version_1/src/lib/hcsr04.vhd Line: 7
Warning (12162): EDA synthesis tool is specified as "Custom", but Library Mapping File is not specified
Warning (12163): EDA synthesis tool is specified as "Custom", but VCC is not specified
Warning (12164): EDA synthesis tool is specified as "Custom", but GND is not specified
Info (12127): Elaborating entity "distance_sensor" for the top level hierarchy
Info (12129): Elaborating entity "hcsr04" using architecture "A:hcsr04_rtl" for hierarchy "hcsr04:hcsr04_inst" File: L:/VHDL/Intel_FPGA_Projects/EP4CE6_Projects/P04_7_Segment_HCSR04/Version_1/src/distance_sensor.vhd Line: 84
Info (12129): Elaborating entity "dec_to_bcd" using architecture "A:dec_to_bcd_rtl" for hierarchy "dec_to_bcd:dec_to_bcd_inst" File: L:/VHDL/Intel_FPGA_Projects/EP4CE6_Projects/P04_7_Segment_HCSR04/Version_1/src/distance_sensor.vhd Line: 93
Info (12129): Elaborating entity "seg_display" using architecture "A:seg_display_rtl" for hierarchy "seg_display:display_inst" File: L:/VHDL/Intel_FPGA_Projects/EP4CE6_Projects/P04_7_Segment_HCSR04/Version_1/src/distance_sensor.vhd Line: 101
Info (12129): Elaborating entity "seg_rom" using architecture "A:seg_rom_rtl" for hierarchy "seg_display:display_inst|seg_rom:rom" File: L:/VHDL/Intel_FPGA_Projects/EP4CE6_Projects/P04_7_Segment_HCSR04/Version_1/src/lib/seg_display.vhd Line: 96
Info (276014): Found 1 instances of uninferred RAM logic
    Info (276004): RAM logic "seg_display:display_inst|seg_rom:rom|rom" is uninferred due to inappropriate RAM size File: L:/VHDL/Intel_FPGA_Projects/EP4CE6_Projects/P04_7_Segment_HCSR04/Version_1/src/lib/seg_rom.vhd Line: 15
Warning (113028): 6 out of 16 addresses are uninitialized. The Quartus Prime software will initialize them to "0". There are 1 warnings found, and 1 warnings are reported. File: L:/VHDL/Intel_FPGA_Projects/EP4CE6_Projects/P04_7_Segment_HCSR04/Version_1/db/distance_sensor.ram0_seg_rom_bebb4cdc.hdl.mif Line: 1
    Warning (113027): Addresses ranging from 10 to 15 are not initialized File: L:/VHDL/Intel_FPGA_Projects/EP4CE6_Projects/P04_7_Segment_HCSR04/Version_1/db/distance_sensor.ram0_seg_rom_bebb4cdc.hdl.mif Line: 1
Warning (12162): EDA synthesis tool is specified as "Custom", but Library Mapping File is not specified
Warning (12163): EDA synthesis tool is specified as "Custom", but VCC is not specified
Warning (12164): EDA synthesis tool is specified as "Custom", but GND is not specified
Info (13000): Registers with preset signals will power-up high File: L:/VHDL/Intel_FPGA_Projects/EP4CE6_Projects/P04_7_Segment_HCSR04/Version_1/src/lib/seg_display.vhd Line: 58
Info (13003): DEV_CLRn pin will set, and not reset, register with preset signal due to NOT Gate Push-Back
Info (286030): Timing-Driven Synthesis is running
Info (17049): 1 registers lost all their fanouts during netlist optimizations.
Info (16010): Generating hard_block partition "hard_block:auto_generated_inst"
    Info (16011): Adding 0 node(s), including 0 DDIO, 0 PLL, 0 transceiver and 0 LCELL
Info (21057): Implemented 441 device resources after synthesis - the final resource count might be different
    Info (21058): Implemented 3 input pins
    Info (21059): Implemented 13 output pins
    Info (21061): Implemented 425 logic cells
Info: Quartus Prime Analysis & Synthesis was successful. 0 errors, 9 warnings
    Info: Peak virtual memory: 4780 megabytes
    Info: Processing ended: Sun Jan 19 11:22:34 2025
    Info: Elapsed time: 00:00:14
    Info: Total CPU time (on all processors): 00:00:27


