Analysis & Synthesis report for vga_main
Wed May 22 00:57:41 2024
Quartus Prime Version 20.1.1 Build 720 11/11/2020 SJ Lite Edition


---------------------
; Table of Contents ;
---------------------
  1. Legal Notice
  2. Analysis & Synthesis Summary
  3. Analysis & Synthesis Settings
  4. Parallel Compilation
  5. Analysis & Synthesis Source Files Read
  6. Analysis & Synthesis Resource Usage Summary
  7. Analysis & Synthesis Resource Utilization by Entity
  8. Analysis & Synthesis RAM Summary
  9. General Register Statistics
 10. Registers Packed Into Inferred Megafunctions
 11. Source assignments for vga_pix_gen:pixel_gen|bitmap_mem:bitmap_memory|altsyncram:rom_rtl_0|altsyncram_v261:auto_generated
 12. Parameter Settings for Inferred Entity Instance: vga_pix_gen:pixel_gen|bitmap_mem:bitmap_memory|altsyncram:rom_rtl_0
 13. altsyncram Parameter Settings by Entity Instance
 14. Post-Synthesis Netlist Statistics for Top Partition
 15. Elapsed Time Per Partition
 16. Analysis & Synthesis Messages



----------------
; Legal Notice ;
----------------
Copyright (C) 2020  Intel Corporation. All rights reserved.
Your use of Intel Corporation's design tools, logic functions 
and other software and tools, and any partner logic 
functions, and any output files from any of the foregoing 
(including device programming or simulation files), and any 
associated documentation or information are expressly subject 
to the terms and conditions of the Intel Program License 
Subscription Agreement, the Intel Quartus Prime License Agreement,
the Intel FPGA IP License Agreement, or other applicable license
agreement, including, without limitation, that your use is for
the sole purpose of programming logic devices manufactured by
Intel and sold by Intel or its authorized distributors.  Please
refer to the applicable agreement for further details, at
https://fpgasoftware.intel.com/eula.



+----------------------------------------------------------------------------------+
; Analysis & Synthesis Summary                                                     ;
+------------------------------------+---------------------------------------------+
; Analysis & Synthesis Status        ; Successful - Wed May 22 00:57:41 2024       ;
; Quartus Prime Version              ; 20.1.1 Build 720 11/11/2020 SJ Lite Edition ;
; Revision Name                      ; vga_main                                    ;
; Top-level Entity Name              ; vga_main                                    ;
; Family                             ; Cyclone IV E                                ;
; Total logic elements               ; 101                                         ;
;     Total combinational functions  ; 95                                          ;
;     Dedicated logic registers      ; 49                                          ;
; Total registers                    ; 49                                          ;
; Total pins                         ; 7                                           ;
; Total virtual pins                 ; 0                                           ;
; Total memory bits                  ; 174,324                                     ;
; Embedded Multiplier 9-bit elements ; 0                                           ;
; Total PLLs                         ; 0                                           ;
+------------------------------------+---------------------------------------------+


+------------------------------------------------------------------------------------------------------------+
; Analysis & Synthesis Settings                                                                              ;
+------------------------------------------------------------------+--------------------+--------------------+
; Option                                                           ; Setting            ; Default Value      ;
+------------------------------------------------------------------+--------------------+--------------------+
; Device                                                           ; EP4CE6E22C8        ;                    ;
; Top-level entity name                                            ; vga_main           ; vga_main           ;
; Family name                                                      ; Cyclone IV E       ; Cyclone V          ;
; Use smart compilation                                            ; Off                ; Off                ;
; Enable parallel Assembler and Timing Analyzer during compilation ; On                 ; On                 ;
; Enable compact report table                                      ; Off                ; Off                ;
; Restructure Multiplexers                                         ; Auto               ; Auto               ;
; Create Debugging Nodes for IP Cores                              ; Off                ; Off                ;
; Preserve fewer node names                                        ; On                 ; On                 ;
; Intel FPGA IP Evaluation Mode                                    ; Enable             ; Enable             ;
; Verilog Version                                                  ; Verilog_2001       ; Verilog_2001       ;
; VHDL Version                                                     ; VHDL_1993          ; VHDL_1993          ;
; State Machine Processing                                         ; Auto               ; Auto               ;
; Safe State Machine                                               ; Off                ; Off                ;
; Extract Verilog State Machines                                   ; On                 ; On                 ;
; Extract VHDL State Machines                                      ; On                 ; On                 ;
; Ignore Verilog initial constructs                                ; Off                ; Off                ;
; Iteration limit for constant Verilog loops                       ; 5000               ; 5000               ;
; Iteration limit for non-constant Verilog loops                   ; 250                ; 250                ;
; Add Pass-Through Logic to Inferred RAMs                          ; On                 ; On                 ;
; Infer RAMs from Raw Logic                                        ; On                 ; On                 ;
; Parallel Synthesis                                               ; On                 ; On                 ;
; DSP Block Balancing                                              ; Auto               ; Auto               ;
; NOT Gate Push-Back                                               ; On                 ; On                 ;
; Power-Up Don't Care                                              ; On                 ; On                 ;
; Remove Redundant Logic Cells                                     ; Off                ; Off                ;
; Remove Duplicate Registers                                       ; On                 ; On                 ;
; Ignore CARRY Buffers                                             ; Off                ; Off                ;
; Ignore CASCADE Buffers                                           ; Off                ; Off                ;
; Ignore GLOBAL Buffers                                            ; Off                ; Off                ;
; Ignore ROW GLOBAL Buffers                                        ; Off                ; Off                ;
; Ignore LCELL Buffers                                             ; Off                ; Off                ;
; Ignore SOFT Buffers                                              ; On                 ; On                 ;
; Limit AHDL Integers to 32 Bits                                   ; Off                ; Off                ;
; Optimization Technique                                           ; Balanced           ; Balanced           ;
; Carry Chain Length                                               ; 70                 ; 70                 ;
; Auto Carry Chains                                                ; On                 ; On                 ;
; Auto Open-Drain Pins                                             ; On                 ; On                 ;
; Perform WYSIWYG Primitive Resynthesis                            ; Off                ; Off                ;
; Auto ROM Replacement                                             ; On                 ; On                 ;
; Auto RAM Replacement                                             ; On                 ; On                 ;
; Auto DSP Block Replacement                                       ; On                 ; On                 ;
; Auto Shift Register Replacement                                  ; Auto               ; Auto               ;
; Allow Shift Register Merging across Hierarchies                  ; Auto               ; Auto               ;
; Auto Clock Enable Replacement                                    ; On                 ; On                 ;
; Strict RAM Replacement                                           ; Off                ; Off                ;
; Allow Synchronous Control Signals                                ; On                 ; On                 ;
; Force Use of Synchronous Clear Signals                           ; Off                ; Off                ;
; Auto RAM Block Balancing                                         ; On                 ; On                 ;
; Auto RAM to Logic Cell Conversion                                ; Off                ; Off                ;
; Auto Resource Sharing                                            ; Off                ; Off                ;
; Allow Any RAM Size For Recognition                               ; Off                ; Off                ;
; Allow Any ROM Size For Recognition                               ; Off                ; Off                ;
; Allow Any Shift Register Size For Recognition                    ; Off                ; Off                ;
; Use LogicLock Constraints during Resource Balancing              ; On                 ; On                 ;
; Ignore translate_off and synthesis_off directives                ; Off                ; Off                ;
; Timing-Driven Synthesis                                          ; On                 ; On                 ;
; Report Parameter Settings                                        ; On                 ; On                 ;
; Report Source Assignments                                        ; On                 ; On                 ;
; Report Connectivity Checks                                       ; On                 ; On                 ;
; Ignore Maximum Fan-Out Assignments                               ; Off                ; Off                ;
; Synchronization Register Chain Length                            ; 2                  ; 2                  ;
; Power Optimization During Synthesis                              ; Normal compilation ; Normal compilation ;
; HDL message level                                                ; Level2             ; Level2             ;
; Suppress Register Optimization Related Messages                  ; Off                ; Off                ;
; Number of Removed Registers Reported in Synthesis Report         ; 5000               ; 5000               ;
; Number of Swept Nodes Reported in Synthesis Report               ; 5000               ; 5000               ;
; Number of Inverted Registers Reported in Synthesis Report        ; 100                ; 100                ;
; Clock MUX Protection                                             ; On                 ; On                 ;
; Auto Gated Clock Conversion                                      ; Off                ; Off                ;
; Block Design Naming                                              ; Auto               ; Auto               ;
; SDC constraint protection                                        ; Off                ; Off                ;
; Synthesis Effort                                                 ; Auto               ; Auto               ;
; Shift Register Replacement - Allow Asynchronous Clear Signal     ; On                 ; On                 ;
; Pre-Mapping Resynthesis Optimization                             ; Off                ; Off                ;
; Analysis & Synthesis Message Level                               ; Medium             ; Medium             ;
; Disable Register Merging Across Hierarchies                      ; Auto               ; Auto               ;
; Resource Aware Inference For Block RAM                           ; On                 ; On                 ;
+------------------------------------------------------------------+--------------------+--------------------+


+------------------------------------------+
; Parallel Compilation                     ;
+----------------------------+-------------+
; Processors                 ; Number      ;
+----------------------------+-------------+
; Number detected on machine ; 4           ;
; Maximum allowed            ; 2           ;
;                            ;             ;
; Average used               ; 1.00        ;
; Maximum used               ; 2           ;
;                            ;             ;
; Usage by Processor         ; % Time Used ;
;     Processor 1            ; 100.0%      ;
;     Processor 2            ;   0.0%      ;
+----------------------------+-------------+


+--------------------------------------------------------------------------------------------------------------------------------------------------------------------------------------------+
; Analysis & Synthesis Source Files Read                                                                                                                                                     ;
+----------------------------------+-----------------+----------------------------------------+------------------------------------------------------------------------------------+---------+
; File Name with User-Entered Path ; Used in Netlist ; File Type                              ; File Name with Absolute Path                                                       ; Library ;
+----------------------------------+-----------------+----------------------------------------+------------------------------------------------------------------------------------+---------+
; src/vga_main.vhd                 ; yes             ; User VHDL File                         ; L:/VHDL/Intel_FPGA_Projects/EP4CE6_Projects/VGA/VGA_Part_1/src/vga_main.vhd        ;         ;
; src/lib/vga_pix_gen.vhd          ; yes             ; User VHDL File                         ; L:/VHDL/Intel_FPGA_Projects/EP4CE6_Projects/VGA/VGA_Part_1/src/lib/vga_pix_gen.vhd ;         ;
; src/lib/pkgs.vhd                 ; yes             ; User VHDL File                         ; L:/VHDL/Intel_FPGA_Projects/EP4CE6_Projects/VGA/VGA_Part_1/src/lib/pkgs.vhd        ;         ;
; src/lib/vga_sync.vhd             ; yes             ; User VHDL File                         ; L:/VHDL/Intel_FPGA_Projects/EP4CE6_Projects/VGA/VGA_Part_1/src/lib/vga_sync.vhd    ;         ;
; src/lib/bitmap_mem.vhd           ; yes             ; User VHDL File                         ; L:/VHDL/Intel_FPGA_Projects/EP4CE6_Projects/VGA/VGA_Part_1/src/lib/bitmap_mem.vhd  ;         ;
; altsyncram.tdf                   ; yes             ; Megafunction                           ; c:/intelfpga_lite/20.1/quartus/libraries/megafunctions/altsyncram.tdf              ;         ;
; stratix_ram_block.inc            ; yes             ; Megafunction                           ; c:/intelfpga_lite/20.1/quartus/libraries/megafunctions/stratix_ram_block.inc       ;         ;
; lpm_mux.inc                      ; yes             ; Megafunction                           ; c:/intelfpga_lite/20.1/quartus/libraries/megafunctions/lpm_mux.inc                 ;         ;
; lpm_decode.inc                   ; yes             ; Megafunction                           ; c:/intelfpga_lite/20.1/quartus/libraries/megafunctions/lpm_decode.inc              ;         ;
; aglobal201.inc                   ; yes             ; Megafunction                           ; c:/intelfpga_lite/20.1/quartus/libraries/megafunctions/aglobal201.inc              ;         ;
; a_rdenreg.inc                    ; yes             ; Megafunction                           ; c:/intelfpga_lite/20.1/quartus/libraries/megafunctions/a_rdenreg.inc               ;         ;
; altrom.inc                       ; yes             ; Megafunction                           ; c:/intelfpga_lite/20.1/quartus/libraries/megafunctions/altrom.inc                  ;         ;
; altram.inc                       ; yes             ; Megafunction                           ; c:/intelfpga_lite/20.1/quartus/libraries/megafunctions/altram.inc                  ;         ;
; altdpram.inc                     ; yes             ; Megafunction                           ; c:/intelfpga_lite/20.1/quartus/libraries/megafunctions/altdpram.inc                ;         ;
; db/altsyncram_v261.tdf           ; yes             ; Auto-Generated Megafunction            ; L:/VHDL/Intel_FPGA_Projects/EP4CE6_Projects/VGA/VGA_Part_1/db/altsyncram_v261.tdf  ;         ;
; src/mif/bitmap.mif               ; yes             ; Auto-Found Memory Initialization File  ; L:/VHDL/Intel_FPGA_Projects/EP4CE6_Projects/VGA/VGA_Part_1/src/mif/bitmap.mif      ;         ;
; db/mux_iob.tdf                   ; yes             ; Auto-Generated Megafunction            ; L:/VHDL/Intel_FPGA_Projects/EP4CE6_Projects/VGA/VGA_Part_1/db/mux_iob.tdf          ;         ;
+----------------------------------+-----------------+----------------------------------------+------------------------------------------------------------------------------------+---------+


+---------------------------------------------------------+
; Analysis & Synthesis Resource Usage Summary             ;
+---------------------------------------------+-----------+
; Resource                                    ; Usage     ;
+---------------------------------------------+-----------+
; Estimated Total logic elements              ; 101       ;
;                                             ;           ;
; Total combinational functions               ; 95        ;
; Logic element usage by number of LUT inputs ;           ;
;     -- 4 input functions                    ; 38        ;
;     -- 3 input functions                    ; 8         ;
;     -- <=2 input functions                  ; 49        ;
;                                             ;           ;
; Logic elements by mode                      ;           ;
;     -- normal mode                          ; 60        ;
;     -- arithmetic mode                      ; 35        ;
;                                             ;           ;
; Total registers                             ; 49        ;
;     -- Dedicated logic registers            ; 49        ;
;     -- I/O registers                        ; 0         ;
;                                             ;           ;
; I/O pins                                    ; 7         ;
; Total memory bits                           ; 174324    ;
;                                             ;           ;
; Embedded Multiplier 9-bit elements          ; 0         ;
;                                             ;           ;
; Maximum fan-out node                        ; clk~input ;
; Maximum fan-out                             ; 71        ;
; Total fan-out                               ; 817       ;
; Average fan-out                             ; 4.54      ;
+---------------------------------------------+-----------+


+--------------------------------------------------------------------------------------------------------------------------------------------------------------------------------------------------------------------------------------------------------------------------------------------------------------------------------------+
; Analysis & Synthesis Resource Utilization by Entity                                                                                                                                                                                                                                                                                  ;
+----------------------------------------------+---------------------+---------------------------+-------------+--------------+---------+-----------+------+--------------+---------------------------------------------------------------------------------------------------------------------------+-----------------+--------------+
; Compilation Hierarchy Node                   ; Combinational ALUTs ; Dedicated Logic Registers ; Memory Bits ; DSP Elements ; DSP 9x9 ; DSP 18x18 ; Pins ; Virtual Pins ; Full Hierarchy Name                                                                                                       ; Entity Name     ; Library Name ;
+----------------------------------------------+---------------------+---------------------------+-------------+--------------+---------+-----------+------+--------------+---------------------------------------------------------------------------------------------------------------------------+-----------------+--------------+
; |vga_main                                    ; 95 (0)              ; 49 (3)                    ; 174324      ; 0            ; 0       ; 0         ; 7    ; 0            ; |vga_main                                                                                                                 ; vga_main        ; work         ;
;    |vga_pix_gen:pixel_gen|                   ; 51 (33)             ; 23 (18)                   ; 174324      ; 0            ; 0       ; 0         ; 0    ; 0            ; |vga_main|vga_pix_gen:pixel_gen                                                                                           ; vga_pix_gen     ; work         ;
;       |bitmap_mem:bitmap_memory|             ; 18 (0)              ; 5 (0)                     ; 174324      ; 0            ; 0       ; 0         ; 0    ; 0            ; |vga_main|vga_pix_gen:pixel_gen|bitmap_mem:bitmap_memory                                                                  ; bitmap_mem      ; work         ;
;          |altsyncram:rom_rtl_0|              ; 18 (0)              ; 5 (0)                     ; 174324      ; 0            ; 0       ; 0         ; 0    ; 0            ; |vga_main|vga_pix_gen:pixel_gen|bitmap_mem:bitmap_memory|altsyncram:rom_rtl_0                                             ; altsyncram      ; work         ;
;             |altsyncram_v261:auto_generated| ; 18 (0)              ; 5 (5)                     ; 174324      ; 0            ; 0       ; 0         ; 0    ; 0            ; |vga_main|vga_pix_gen:pixel_gen|bitmap_mem:bitmap_memory|altsyncram:rom_rtl_0|altsyncram_v261:auto_generated              ; altsyncram_v261 ; work         ;
;                |mux_iob:mux2|                ; 18 (18)             ; 0 (0)                     ; 0           ; 0            ; 0       ; 0         ; 0    ; 0            ; |vga_main|vga_pix_gen:pixel_gen|bitmap_mem:bitmap_memory|altsyncram:rom_rtl_0|altsyncram_v261:auto_generated|mux_iob:mux2 ; mux_iob         ; work         ;
;    |vga_sync:vga_sync_unit|                  ; 44 (44)             ; 23 (23)                   ; 0           ; 0            ; 0       ; 0         ; 0    ; 0            ; |vga_main|vga_sync:vga_sync_unit                                                                                          ; vga_sync        ; work         ;
+----------------------------------------------+---------------------+---------------------------+-------------+--------------+---------+-----------+------+--------------+---------------------------------------------------------------------------------------------------------------------------+-----------------+--------------+
Note: For table entries with two numbers listed, the numbers in parentheses indicate the number of resources of the given type used by the specific entity alone. The numbers listed outside of parentheses indicate the total resources of the given type used by the specific entity and all of its sub-entities in the hierarchy.


+-----------------------------------------------------------------------------------------------------------------------------------------------------------------------------------------------------------------------+
; Analysis & Synthesis RAM Summary                                                                                                                                                                                      ;
+---------------------------------------------------------------------------------------------------------------+------+------+--------------+--------------+--------------+--------------+--------+--------------------+
; Name                                                                                                          ; Type ; Mode ; Port A Depth ; Port A Width ; Port B Depth ; Port B Width ; Size   ; MIF                ;
+---------------------------------------------------------------------------------------------------------------+------+------+--------------+--------------+--------------+--------------+--------+--------------------+
; vga_pix_gen:pixel_gen|bitmap_mem:bitmap_memory|altsyncram:rom_rtl_0|altsyncram_v261:auto_generated|ALTSYNCRAM ; AUTO ; ROM  ; 174324       ; 1            ; --           ; --           ; 174324 ; src/mif/bitmap.mif ;
+---------------------------------------------------------------------------------------------------------------+------+------+--------------+--------------+--------------+--------------+--------+--------------------+


+------------------------------------------------------+
; General Register Statistics                          ;
+----------------------------------------------+-------+
; Statistic                                    ; Value ;
+----------------------------------------------+-------+
; Total registers                              ; 49    ;
; Number of registers using Synchronous Clear  ; 18    ;
; Number of registers using Synchronous Load   ; 0     ;
; Number of registers using Asynchronous Clear ; 44    ;
; Number of registers using Asynchronous Load  ; 0     ;
; Number of registers using Clock Enable       ; 46    ;
; Number of registers using Preset             ; 0     ;
+----------------------------------------------+-------+


+------------------------------------------------------------------------------------------------------------------------------+
; Registers Packed Into Inferred Megafunctions                                                                                 ;
+------------------------------------------------------------+----------------------------------------------------------+------+
; Register Name                                              ; Megafunction                                             ; Type ;
+------------------------------------------------------------+----------------------------------------------------------+------+
; vga_pix_gen:pixel_gen|bitmap_mem:bitmap_memory|data_out[0] ; vga_pix_gen:pixel_gen|bitmap_mem:bitmap_memory|rom_rtl_0 ; RAM  ;
+------------------------------------------------------------+----------------------------------------------------------+------+


+---------------------------------------------------------------------------------------------------------------------------+
; Source assignments for vga_pix_gen:pixel_gen|bitmap_mem:bitmap_memory|altsyncram:rom_rtl_0|altsyncram_v261:auto_generated ;
+---------------------------------+--------------------+------+-------------------------------------------------------------+
; Assignment                      ; Value              ; From ; To                                                          ;
+---------------------------------+--------------------+------+-------------------------------------------------------------+
; OPTIMIZE_POWER_DURING_SYNTHESIS ; NORMAL_COMPILATION ; -    ; -                                                           ;
+---------------------------------+--------------------+------+-------------------------------------------------------------+


+----------------------------------------------------------------------------------------------------------------------+
; Parameter Settings for Inferred Entity Instance: vga_pix_gen:pixel_gen|bitmap_mem:bitmap_memory|altsyncram:rom_rtl_0 ;
+------------------------------------+----------------------+----------------------------------------------------------+
; Parameter Name                     ; Value                ; Type                                                     ;
+------------------------------------+----------------------+----------------------------------------------------------+
; BYTE_SIZE_BLOCK                    ; 8                    ; Untyped                                                  ;
; AUTO_CARRY_CHAINS                  ; ON                   ; AUTO_CARRY                                               ;
; IGNORE_CARRY_BUFFERS               ; OFF                  ; IGNORE_CARRY                                             ;
; AUTO_CASCADE_CHAINS                ; ON                   ; AUTO_CASCADE                                             ;
; IGNORE_CASCADE_BUFFERS             ; OFF                  ; IGNORE_CASCADE                                           ;
; WIDTH_BYTEENA                      ; 1                    ; Untyped                                                  ;
; OPERATION_MODE                     ; ROM                  ; Untyped                                                  ;
; WIDTH_A                            ; 1                    ; Untyped                                                  ;
; WIDTHAD_A                          ; 18                   ; Untyped                                                  ;
; NUMWORDS_A                         ; 174324               ; Untyped                                                  ;
; OUTDATA_REG_A                      ; UNREGISTERED         ; Untyped                                                  ;
; ADDRESS_ACLR_A                     ; NONE                 ; Untyped                                                  ;
; OUTDATA_ACLR_A                     ; NONE                 ; Untyped                                                  ;
; WRCONTROL_ACLR_A                   ; NONE                 ; Untyped                                                  ;
; INDATA_ACLR_A                      ; NONE                 ; Untyped                                                  ;
; BYTEENA_ACLR_A                     ; NONE                 ; Untyped                                                  ;
; WIDTH_B                            ; 1                    ; Untyped                                                  ;
; WIDTHAD_B                          ; 1                    ; Untyped                                                  ;
; NUMWORDS_B                         ; 1                    ; Untyped                                                  ;
; INDATA_REG_B                       ; CLOCK1               ; Untyped                                                  ;
; WRCONTROL_WRADDRESS_REG_B          ; CLOCK1               ; Untyped                                                  ;
; RDCONTROL_REG_B                    ; CLOCK1               ; Untyped                                                  ;
; ADDRESS_REG_B                      ; CLOCK1               ; Untyped                                                  ;
; OUTDATA_REG_B                      ; UNREGISTERED         ; Untyped                                                  ;
; BYTEENA_REG_B                      ; CLOCK1               ; Untyped                                                  ;
; INDATA_ACLR_B                      ; NONE                 ; Untyped                                                  ;
; WRCONTROL_ACLR_B                   ; NONE                 ; Untyped                                                  ;
; ADDRESS_ACLR_B                     ; NONE                 ; Untyped                                                  ;
; OUTDATA_ACLR_B                     ; NONE                 ; Untyped                                                  ;
; RDCONTROL_ACLR_B                   ; NONE                 ; Untyped                                                  ;
; BYTEENA_ACLR_B                     ; NONE                 ; Untyped                                                  ;
; WIDTH_BYTEENA_A                    ; 1                    ; Untyped                                                  ;
; WIDTH_BYTEENA_B                    ; 1                    ; Untyped                                                  ;
; RAM_BLOCK_TYPE                     ; AUTO                 ; Untyped                                                  ;
; BYTE_SIZE                          ; 8                    ; Untyped                                                  ;
; READ_DURING_WRITE_MODE_MIXED_PORTS ; DONT_CARE            ; Untyped                                                  ;
; READ_DURING_WRITE_MODE_PORT_A      ; NEW_DATA_NO_NBE_READ ; Untyped                                                  ;
; READ_DURING_WRITE_MODE_PORT_B      ; NEW_DATA_NO_NBE_READ ; Untyped                                                  ;
; INIT_FILE                          ; src/mif/bitmap.mif   ; Untyped                                                  ;
; INIT_FILE_LAYOUT                   ; PORT_A               ; Untyped                                                  ;
; MAXIMUM_DEPTH                      ; 0                    ; Untyped                                                  ;
; CLOCK_ENABLE_INPUT_A               ; NORMAL               ; Untyped                                                  ;
; CLOCK_ENABLE_INPUT_B               ; NORMAL               ; Untyped                                                  ;
; CLOCK_ENABLE_OUTPUT_A              ; NORMAL               ; Untyped                                                  ;
; CLOCK_ENABLE_OUTPUT_B              ; NORMAL               ; Untyped                                                  ;
; CLOCK_ENABLE_CORE_A                ; USE_INPUT_CLKEN      ; Untyped                                                  ;
; CLOCK_ENABLE_CORE_B                ; USE_INPUT_CLKEN      ; Untyped                                                  ;
; ENABLE_ECC                         ; FALSE                ; Untyped                                                  ;
; ECC_PIPELINE_STAGE_ENABLED         ; FALSE                ; Untyped                                                  ;
; WIDTH_ECCSTATUS                    ; 3                    ; Untyped                                                  ;
; DEVICE_FAMILY                      ; Cyclone IV E         ; Untyped                                                  ;
; CBXI_PARAMETER                     ; altsyncram_v261      ; Untyped                                                  ;
+------------------------------------+----------------------+----------------------------------------------------------+
Note: In order to hide this table in the UI and the text report file, please set the "Show Parameter Settings in Synthesis Report" option in "Analysis and Synthesis Settings -> More Settings" to "Off".


+-----------------------------------------------------------------------------------------------------------------+
; altsyncram Parameter Settings by Entity Instance                                                                ;
+-------------------------------------------+---------------------------------------------------------------------+
; Name                                      ; Value                                                               ;
+-------------------------------------------+---------------------------------------------------------------------+
; Number of entity instances                ; 1                                                                   ;
; Entity Instance                           ; vga_pix_gen:pixel_gen|bitmap_mem:bitmap_memory|altsyncram:rom_rtl_0 ;
;     -- OPERATION_MODE                     ; ROM                                                                 ;
;     -- WIDTH_A                            ; 1                                                                   ;
;     -- NUMWORDS_A                         ; 174324                                                              ;
;     -- OUTDATA_REG_A                      ; UNREGISTERED                                                        ;
;     -- WIDTH_B                            ; 1                                                                   ;
;     -- NUMWORDS_B                         ; 1                                                                   ;
;     -- ADDRESS_REG_B                      ; CLOCK1                                                              ;
;     -- OUTDATA_REG_B                      ; UNREGISTERED                                                        ;
;     -- RAM_BLOCK_TYPE                     ; AUTO                                                                ;
;     -- READ_DURING_WRITE_MODE_MIXED_PORTS ; DONT_CARE                                                           ;
+-------------------------------------------+---------------------------------------------------------------------+


+-----------------------------------------------------+
; Post-Synthesis Netlist Statistics for Top Partition ;
+-----------------------+-----------------------------+
; Type                  ; Count                       ;
+-----------------------+-----------------------------+
; boundary_port         ; 7                           ;
; cycloneiii_ff         ; 49                          ;
;     CLR               ; 3                           ;
;     ENA               ; 5                           ;
;     ENA CLR           ; 23                          ;
;     ENA CLR SCLR      ; 18                          ;
; cycloneiii_lcell_comb ; 95                          ;
;     arith             ; 35                          ;
;         2 data inputs ; 35                          ;
;     normal            ; 60                          ;
;         1 data inputs ; 4                           ;
;         2 data inputs ; 10                          ;
;         3 data inputs ; 8                           ;
;         4 data inputs ; 38                          ;
; cycloneiii_ram_block  ; 22                          ;
;                       ;                             ;
; Max LUT depth         ; 6.00                        ;
; Average LUT depth     ; 3.23                        ;
+-----------------------+-----------------------------+


+-------------------------------+
; Elapsed Time Per Partition    ;
+----------------+--------------+
; Partition Name ; Elapsed Time ;
+----------------+--------------+
; Top            ; 00:00:01     ;
+----------------+--------------+


+-------------------------------+
; Analysis & Synthesis Messages ;
+-------------------------------+
Info: *******************************************************************
Info: Running Quartus Prime Analysis & Synthesis
    Info: Version 20.1.1 Build 720 11/11/2020 SJ Lite Edition
    Info: Processing started: Wed May 22 00:57:28 2024
Info: Command: quartus_map --read_settings_files=on --write_settings_files=off vga_main -c vga_main
Warning (18236): Number of processors has not been specified which may cause overloading on shared machines.  Set the global assignment NUM_PARALLEL_PROCESSORS in your QSF to an appropriate value for best performance.
Info (20030): Parallel compilation is enabled and will use 2 of the 2 processors detected
Info (12021): Found 2 design units, including 1 entities, in source file src/vga_main.vhd
    Info (12022): Found design unit 1: vga_main-vga_main_rtl File: L:/VHDL/Intel_FPGA_Projects/EP4CE6_Projects/VGA/VGA_Part_1/src/vga_main.vhd Line: 16
    Info (12023): Found entity 1: vga_main File: L:/VHDL/Intel_FPGA_Projects/EP4CE6_Projects/VGA/VGA_Part_1/src/vga_main.vhd Line: 8
Info (12021): Found 2 design units, including 1 entities, in source file src/lib/vga_pix_gen.vhd
    Info (12022): Found design unit 1: vga_pix_gen-vga_pix_gen_rtl File: L:/VHDL/Intel_FPGA_Projects/EP4CE6_Projects/VGA/VGA_Part_1/src/lib/vga_pix_gen.vhd Line: 19
    Info (12023): Found entity 1: vga_pix_gen File: L:/VHDL/Intel_FPGA_Projects/EP4CE6_Projects/VGA/VGA_Part_1/src/lib/vga_pix_gen.vhd Line: 9
Info (12021): Found 1 design units, including 0 entities, in source file src/lib/pkgs.vhd
    Info (12022): Found design unit 1: img_pkg File: L:/VHDL/Intel_FPGA_Projects/EP4CE6_Projects/VGA/VGA_Part_1/src/lib/pkgs.vhd Line: 7
Info (12021): Found 2 design units, including 1 entities, in source file src/lib/vga_sync.vhd
    Info (12022): Found design unit 1: vga_sync-vga_sync_rtl File: L:/VHDL/Intel_FPGA_Projects/EP4CE6_Projects/VGA/VGA_Part_1/src/lib/vga_sync.vhd Line: 20
    Info (12023): Found entity 1: vga_sync File: L:/VHDL/Intel_FPGA_Projects/EP4CE6_Projects/VGA/VGA_Part_1/src/lib/vga_sync.vhd Line: 9
Info (12021): Found 2 design units, including 1 entities, in source file src/lib/bitmap_mem.vhd
    Info (12022): Found design unit 1: bitmap_mem-bitmap_mem_rtl File: L:/VHDL/Intel_FPGA_Projects/EP4CE6_Projects/VGA/VGA_Part_1/src/lib/bitmap_mem.vhd Line: 17
    Info (12023): Found entity 1: bitmap_mem File: L:/VHDL/Intel_FPGA_Projects/EP4CE6_Projects/VGA/VGA_Part_1/src/lib/bitmap_mem.vhd Line: 10
Info (12127): Elaborating entity "vga_main" for the top level hierarchy
Info (12129): Elaborating entity "vga_sync" using architecture "A:vga_sync_rtl" for hierarchy "vga_sync:vga_sync_unit" File: L:/VHDL/Intel_FPGA_Projects/EP4CE6_Projects/VGA/VGA_Part_1/src/vga_main.vhd Line: 26
Info (12129): Elaborating entity "vga_pix_gen" using architecture "A:vga_pix_gen_rtl" for hierarchy "vga_pix_gen:pixel_gen" File: L:/VHDL/Intel_FPGA_Projects/EP4CE6_Projects/VGA/VGA_Part_1/src/vga_main.vhd Line: 32
Info (12129): Elaborating entity "bitmap_mem" using architecture "A:bitmap_mem_rtl" for hierarchy "vga_pix_gen:pixel_gen|bitmap_mem:bitmap_memory" File: L:/VHDL/Intel_FPGA_Projects/EP4CE6_Projects/VGA/VGA_Part_1/src/lib/vga_pix_gen.vhd Line: 28
Warning (10541): VHDL Signal Declaration warning at bitmap_mem.vhd(19): used implicit default value for signal "rom" because signal was never assigned a value or an explicit default value. Use of implicit default value may introduce unintended design optimizations. File: L:/VHDL/Intel_FPGA_Projects/EP4CE6_Projects/VGA/VGA_Part_1/src/lib/bitmap_mem.vhd Line: 19
Info (19000): Inferred 1 megafunctions from design logic
    Info (276029): Inferred altsyncram megafunction from the following design logic: "vga_pix_gen:pixel_gen|bitmap_mem:bitmap_memory|rom_rtl_0" 
        Info (286033): Parameter OPERATION_MODE set to ROM
        Info (286033): Parameter WIDTH_A set to 1
        Info (286033): Parameter WIDTHAD_A set to 18
        Info (286033): Parameter NUMWORDS_A set to 174324
        Info (286033): Parameter OUTDATA_REG_A set to UNREGISTERED
        Info (286033): Parameter ADDRESS_ACLR_A set to NONE
        Info (286033): Parameter OUTDATA_ACLR_A set to NONE
        Info (286033): Parameter INDATA_ACLR_A set to NONE
        Info (286033): Parameter WRCONTROL_ACLR_A set to NONE
        Info (286033): Parameter INIT_FILE set to src/mif/bitmap.mif
Info (12130): Elaborated megafunction instantiation "vga_pix_gen:pixel_gen|bitmap_mem:bitmap_memory|altsyncram:rom_rtl_0"
Info (12133): Instantiated megafunction "vga_pix_gen:pixel_gen|bitmap_mem:bitmap_memory|altsyncram:rom_rtl_0" with the following parameter:
    Info (12134): Parameter "OPERATION_MODE" = "ROM"
    Info (12134): Parameter "WIDTH_A" = "1"
    Info (12134): Parameter "WIDTHAD_A" = "18"
    Info (12134): Parameter "NUMWORDS_A" = "174324"
    Info (12134): Parameter "OUTDATA_REG_A" = "UNREGISTERED"
    Info (12134): Parameter "ADDRESS_ACLR_A" = "NONE"
    Info (12134): Parameter "OUTDATA_ACLR_A" = "NONE"
    Info (12134): Parameter "INDATA_ACLR_A" = "NONE"
    Info (12134): Parameter "WRCONTROL_ACLR_A" = "NONE"
    Info (12134): Parameter "INIT_FILE" = "src/mif/bitmap.mif"
Info (12021): Found 1 design units, including 1 entities, in source file db/altsyncram_v261.tdf
    Info (12023): Found entity 1: altsyncram_v261 File: L:/VHDL/Intel_FPGA_Projects/EP4CE6_Projects/VGA/VGA_Part_1/db/altsyncram_v261.tdf Line: 30
Info (12021): Found 1 design units, including 1 entities, in source file db/mux_iob.tdf
    Info (12023): Found entity 1: mux_iob File: L:/VHDL/Intel_FPGA_Projects/EP4CE6_Projects/VGA/VGA_Part_1/db/mux_iob.tdf Line: 23
Info (286030): Timing-Driven Synthesis is running
Info (16010): Generating hard_block partition "hard_block:auto_generated_inst"
    Info (16011): Adding 0 node(s), including 0 DDIO, 0 PLL, 0 transceiver and 0 LCELL
Info (21057): Implemented 131 device resources after synthesis - the final resource count might be different
    Info (21058): Implemented 2 input pins
    Info (21059): Implemented 5 output pins
    Info (21061): Implemented 102 logic cells
    Info (21064): Implemented 22 RAM segments
Info: Quartus Prime Analysis & Synthesis was successful. 0 errors, 2 warnings
    Info: Peak virtual memory: 4795 megabytes
    Info: Processing ended: Wed May 22 00:57:41 2024
    Info: Elapsed time: 00:00:13
    Info: Total CPU time (on all processors): 00:00:25


